#2.0#2023 10 20 18:28:09.268#Z#DEBUG#com.sap.cloud.lm.sl.xs2.47aedbd3-6f76-11ee-b93c-eeee0a84db5f.SYSTEM_ROLES.stageAppTask#
######org.cloudfoundry.multiapps.controller.persistence.services.ProcessLogger########flowable-async-job-executor-thread-63880###
[PollStageAppStatusExecution] [SYSTEM_ROLES] 61842b92-651f-4ce7-b8b7-e819d3c6ab54 [2023-10-20T18:27:19.822054] Updated app with guid 61842b92-651f-4ce7-b8b7-e819d3c6ab54 ({"metadata"=>{"annotations"=>{"mta_id"=>"ROLE_PROJ", "mta_version"=>"3.0.0", "mta_module"=>"{\"name\":\"SYSTEM_ROLES\"}", "mta_module_provided_dependencies"=>"[]", "mta_bound_services"=>"[\"hdi_SYSTEM_ROLES\"]"}, "labels"=>{"mta_id"=>"c1a5b2fc49e92c8f09191930022d5a7f"}}}) (STDOUT, API)#

#2.0#2023 10 20 18:28:09.268#Z#DEBUG#com.sap.cloud.lm.sl.xs2.47aedbd3-6f76-11ee-b93c-eeee0a84db5f.SYSTEM_ROLES.stageAppTask#
######org.cloudfoundry.multiapps.controller.persistence.services.ProcessLogger########flowable-async-job-executor-thread-63880###
[PollStageAppStatusExecution] [SYSTEM_ROLES] 61842b92-651f-4ce7-b8b7-e819d3c6ab54 [2023-10-20T18:27:51.131903] Uploading app package for app with guid 61842b92-651f-4ce7-b8b7-e819d3c6ab54 (STDOUT, API)#

#2.0#2023 10 20 18:28:09.268#Z#DEBUG#com.sap.cloud.lm.sl.xs2.47aedbd3-6f76-11ee-b93c-eeee0a84db5f.SYSTEM_ROLES.stageAppTask#
######org.cloudfoundry.multiapps.controller.persistence.services.ProcessLogger########flowable-async-job-executor-thread-63880###
[PollStageAppStatusExecution] [SYSTEM_ROLES] 61842b92-651f-4ce7-b8b7-e819d3c6ab54 [2023-10-20T18:27:51.283789] Updated app with guid 61842b92-651f-4ce7-b8b7-e819d3c6ab54 ({"environment_variables"=>"[PRIVATE DATA HIDDEN]"}) (STDOUT, API)#

#2.0#2023 10 20 18:28:09.268#Z#DEBUG#com.sap.cloud.lm.sl.xs2.47aedbd3-6f76-11ee-b93c-eeee0a84db5f.SYSTEM_ROLES.stageAppTask#
######org.cloudfoundry.multiapps.controller.persistence.services.ProcessLogger########flowable-async-job-executor-thread-63880###
[PollStageAppStatusExecution] [SYSTEM_ROLES] 61842b92-651f-4ce7-b8b7-e819d3c6ab54 [2023-10-20T18:27:59.273386] Scaling process: "web" (STDOUT, API)#

#2.0#2023 10 20 18:28:09.268#Z#DEBUG#com.sap.cloud.lm.sl.xs2.47aedbd3-6f76-11ee-b93c-eeee0a84db5f.SYSTEM_ROLES.stageAppTask#
######org.cloudfoundry.multiapps.controller.persistence.services.ProcessLogger########flowable-async-job-executor-thread-63880###
[PollStageAppStatusExecution] [SYSTEM_ROLES] 61842b92-651f-4ce7-b8b7-e819d3c6ab54 [2023-10-20T18:27:59.478734] Creating build for app with guid 61842b92-651f-4ce7-b8b7-e819d3c6ab54 (STDOUT, API)#

#2.0#2023 10 20 18:28:09.268#Z#DEBUG#com.sap.cloud.lm.sl.xs2.47aedbd3-6f76-11ee-b93c-eeee0a84db5f.SYSTEM_ROLES.stageAppTask#
######org.cloudfoundry.multiapps.controller.persistence.services.ProcessLogger########flowable-async-job-executor-thread-63880###
[PollStageAppStatusExecution] [SYSTEM_ROLES] 61842b92-651f-4ce7-b8b7-e819d3c6ab54 [2023-10-20T18:28:00.057319] Downloading sap_java_buildpack_1_76... (STDOUT, STG)#

#2.0#2023 10 20 18:28:09.268#Z#DEBUG#com.sap.cloud.lm.sl.xs2.47aedbd3-6f76-11ee-b93c-eeee0a84db5f.SYSTEM_ROLES.stageAppTask#
######org.cloudfoundry.multiapps.controller.persistence.services.ProcessLogger########flowable-async-job-executor-thread-63880###
[PollStageAppStatusExecution] [SYSTEM_ROLES] 61842b92-651f-4ce7-b8b7-e819d3c6ab54 [2023-10-20T18:28:00.057328] Downloading ruby_buildpack... (STDOUT, STG)#

#2.0#2023 10 20 18:28:09.268#Z#DEBUG#com.sap.cloud.lm.sl.xs2.47aedbd3-6f76-11ee-b93c-eeee0a84db5f.SYSTEM_ROLES.stageAppTask#
######org.cloudfoundry.multiapps.controller.persistence.services.ProcessLogger########flowable-async-job-executor-thread-63880###
[PollStageAppStatusExecution] [SYSTEM_ROLES] 61842b92-651f-4ce7-b8b7-e819d3c6ab54 [2023-10-20T18:28:00.057374] Downloading staticfile_buildpack... (STDOUT, STG)#

#2.0#2023 10 20 18:28:09.268#Z#DEBUG#com.sap.cloud.lm.sl.xs2.47aedbd3-6f76-11ee-b93c-eeee0a84db5f.SYSTEM_ROLES.stageAppTask#
######org.cloudfoundry.multiapps.controller.persistence.services.ProcessLogger########flowable-async-job-executor-thread-63880###
[PollStageAppStatusExecution] [SYSTEM_ROLES] 61842b92-651f-4ce7-b8b7-e819d3c6ab54 [2023-10-20T18:28:00.057500] Downloading nginx_buildpack... (STDOUT, STG)#

#2.0#2023 10 20 18:28:09.269#Z#DEBUG#com.sap.cloud.lm.sl.xs2.47aedbd3-6f76-11ee-b93c-eeee0a84db5f.SYSTEM_ROLES.stageAppTask#
######org.cloudfoundry.multiapps.controller.persistence.services.ProcessLogger########flowable-async-job-executor-thread-63880###
[PollStageAppStatusExecution] [SYSTEM_ROLES] 61842b92-651f-4ce7-b8b7-e819d3c6ab54 [2023-10-20T18:28:00.063937] Downloading go_buildpack... (STDOUT, STG)#

#2.0#2023 10 20 18:28:09.269#Z#DEBUG#com.sap.cloud.lm.sl.xs2.47aedbd3-6f76-11ee-b93c-eeee0a84db5f.SYSTEM_ROLES.stageAppTask#
######org.cloudfoundry.multiapps.controller.persistence.services.ProcessLogger########flowable-async-job-executor-thread-63880###
[PollStageAppStatusExecution] [SYSTEM_ROLES] 61842b92-651f-4ce7-b8b7-e819d3c6ab54 [2023-10-20T18:28:00.091869] Downloaded sap_java_buildpack_1_76 (STDOUT, STG)#

#2.0#2023 10 20 18:28:09.269#Z#DEBUG#com.sap.cloud.lm.sl.xs2.47aedbd3-6f76-11ee-b93c-eeee0a84db5f.SYSTEM_ROLES.stageAppTask#
######org.cloudfoundry.multiapps.controller.persistence.services.ProcessLogger########flowable-async-job-executor-thread-63880###
[PollStageAppStatusExecution] [SYSTEM_ROLES] 61842b92-651f-4ce7-b8b7-e819d3c6ab54 [2023-10-20T18:28:00.091954] Downloading dotnet_core_buildpack... (STDOUT, STG)#

#2.0#2023 10 20 18:28:09.269#Z#DEBUG#com.sap.cloud.lm.sl.xs2.47aedbd3-6f76-11ee-b93c-eeee0a84db5f.SYSTEM_ROLES.stageAppTask#
######org.cloudfoundry.multiapps.controller.persistence.services.ProcessLogger########flowable-async-job-executor-thread-63880###
[PollStageAppStatusExecution] [SYSTEM_ROLES] 61842b92-651f-4ce7-b8b7-e819d3c6ab54 [2023-10-20T18:28:00.093199] Downloaded ruby_buildpack (STDOUT, STG)#

#2.0#2023 10 20 18:28:09.269#Z#DEBUG#com.sap.cloud.lm.sl.xs2.47aedbd3-6f76-11ee-b93c-eeee0a84db5f.SYSTEM_ROLES.stageAppTask#
######org.cloudfoundry.multiapps.controller.persistence.services.ProcessLogger########flowable-async-job-executor-thread-63880###
[PollStageAppStatusExecution] [SYSTEM_ROLES] 61842b92-651f-4ce7-b8b7-e819d3c6ab54 [2023-10-20T18:28:00.093212] Downloading nodejs_buildpack... (STDOUT, STG)#

#2.0#2023 10 20 18:28:09.269#Z#DEBUG#com.sap.cloud.lm.sl.xs2.47aedbd3-6f76-11ee-b93c-eeee0a84db5f.SYSTEM_ROLES.stageAppTask#
######org.cloudfoundry.multiapps.controller.persistence.services.ProcessLogger########flowable-async-job-executor-thread-63880###
[PollStageAppStatusExecution] [SYSTEM_ROLES] 61842b92-651f-4ce7-b8b7-e819d3c6ab54 [2023-10-20T18:28:00.093561] Downloaded staticfile_buildpack (STDOUT, STG)#

#2.0#2023 10 20 18:28:09.269#Z#DEBUG#com.sap.cloud.lm.sl.xs2.47aedbd3-6f76-11ee-b93c-eeee0a84db5f.SYSTEM_ROLES.stageAppTask#
######org.cloudfoundry.multiapps.controller.persistence.services.ProcessLogger########flowable-async-job-executor-thread-63880###
[PollStageAppStatusExecution] [SYSTEM_ROLES] 61842b92-651f-4ce7-b8b7-e819d3c6ab54 [2023-10-20T18:28:00.093574] Downloading python_buildpack... (STDOUT, STG)#

#2.0#2023 10 20 18:28:09.269#Z#DEBUG#com.sap.cloud.lm.sl.xs2.47aedbd3-6f76-11ee-b93c-eeee0a84db5f.SYSTEM_ROLES.stageAppTask#
######org.cloudfoundry.multiapps.controller.persistence.services.ProcessLogger########flowable-async-job-executor-thread-63880###
[PollStageAppStatusExecution] [SYSTEM_ROLES] 61842b92-651f-4ce7-b8b7-e819d3c6ab54 [2023-10-20T18:28:00.096097] Downloaded nginx_buildpack (STDOUT, STG)#

#2.0#2023 10 20 18:28:09.269#Z#DEBUG#com.sap.cloud.lm.sl.xs2.47aedbd3-6f76-11ee-b93c-eeee0a84db5f.SYSTEM_ROLES.stageAppTask#
######org.cloudfoundry.multiapps.controller.persistence.services.ProcessLogger########flowable-async-job-executor-thread-63880###
[PollStageAppStatusExecution] [SYSTEM_ROLES] 61842b92-651f-4ce7-b8b7-e819d3c6ab54 [2023-10-20T18:28:00.096108] Downloading java_buildpack... (STDOUT, STG)#

#2.0#2023 10 20 18:28:09.269#Z#DEBUG#com.sap.cloud.lm.sl.xs2.47aedbd3-6f76-11ee-b93c-eeee0a84db5f.SYSTEM_ROLES.stageAppTask#
######org.cloudfoundry.multiapps.controller.persistence.services.ProcessLogger########flowable-async-job-executor-thread-63880###
[PollStageAppStatusExecution] [SYSTEM_ROLES] 61842b92-651f-4ce7-b8b7-e819d3c6ab54 [2023-10-20T18:28:00.100011] Downloaded go_buildpack (STDOUT, STG)#

#2.0#2023 10 20 18:28:09.269#Z#DEBUG#com.sap.cloud.lm.sl.xs2.47aedbd3-6f76-11ee-b93c-eeee0a84db5f.SYSTEM_ROLES.stageAppTask#
######org.cloudfoundry.multiapps.controller.persistence.services.ProcessLogger########flowable-async-job-executor-thread-63880###
[PollStageAppStatusExecution] [SYSTEM_ROLES] 61842b92-651f-4ce7-b8b7-e819d3c6ab54 [2023-10-20T18:28:00.100023] Downloading sap_java_buildpack_1_78... (STDOUT, STG)#

#2.0#2023 10 20 18:28:09.269#Z#DEBUG#com.sap.cloud.lm.sl.xs2.47aedbd3-6f76-11ee-b93c-eeee0a84db5f.SYSTEM_ROLES.stageAppTask#
######org.cloudfoundry.multiapps.controller.persistence.services.ProcessLogger########flowable-async-job-executor-thread-63880###
[PollStageAppStatusExecution] [SYSTEM_ROLES] 61842b92-651f-4ce7-b8b7-e819d3c6ab54 [2023-10-20T18:28:00.109819] Downloaded python_buildpack (STDOUT, STG)#

#2.0#2023 10 20 18:28:09.269#Z#DEBUG#com.sap.cloud.lm.sl.xs2.47aedbd3-6f76-11ee-b93c-eeee0a84db5f.SYSTEM_ROLES.stageAppTask#
######org.cloudfoundry.multiapps.controller.persistence.services.ProcessLogger########flowable-async-job-executor-thread-63880###
[PollStageAppStatusExecution] [SYSTEM_ROLES] 61842b92-651f-4ce7-b8b7-e819d3c6ab54 [2023-10-20T18:28:00.109839] Downloading r_buildpack... (STDOUT, STG)#

#2.0#2023 10 20 18:28:09.269#Z#DEBUG#com.sap.cloud.lm.sl.xs2.47aedbd3-6f76-11ee-b93c-eeee0a84db5f.SYSTEM_ROLES.stageAppTask#
######org.cloudfoundry.multiapps.controller.persistence.services.ProcessLogger########flowable-async-job-executor-thread-63880###
[PollStageAppStatusExecution] [SYSTEM_ROLES] 61842b92-651f-4ce7-b8b7-e819d3c6ab54 [2023-10-20T18:28:00.116293] Downloaded nodejs_buildpack (STDOUT, STG)#

#2.0#2023 10 20 18:28:09.269#Z#DEBUG#com.sap.cloud.lm.sl.xs2.47aedbd3-6f76-11ee-b93c-eeee0a84db5f.SYSTEM_ROLES.stageAppTask#
######org.cloudfoundry.multiapps.controller.persistence.services.ProcessLogger########flowable-async-job-executor-thread-63880###
[PollStageAppStatusExecution] [SYSTEM_ROLES] 61842b92-651f-4ce7-b8b7-e819d3c6ab54 [2023-10-20T18:28:00.116305] Downloading binary_buildpack... (STDOUT, STG)#

#2.0#2023 10 20 18:28:09.269#Z#DEBUG#com.sap.cloud.lm.sl.xs2.47aedbd3-6f76-11ee-b93c-eeee0a84db5f.SYSTEM_ROLES.stageAppTask#
######org.cloudfoundry.multiapps.controller.persistence.services.ProcessLogger########flowable-async-job-executor-thread-63880###
[PollStageAppStatusExecution] [SYSTEM_ROLES] 61842b92-651f-4ce7-b8b7-e819d3c6ab54 [2023-10-20T18:28:00.118044] Downloaded sap_java_buildpack_1_78 (STDOUT, STG)#

#2.0#2023 10 20 18:28:09.269#Z#DEBUG#com.sap.cloud.lm.sl.xs2.47aedbd3-6f76-11ee-b93c-eeee0a84db5f.SYSTEM_ROLES.stageAppTask#
######org.cloudfoundry.multiapps.controller.persistence.services.ProcessLogger########flowable-async-job-executor-thread-63880###
[PollStageAppStatusExecution] [SYSTEM_ROLES] 61842b92-651f-4ce7-b8b7-e819d3c6ab54 [2023-10-20T18:28:00.118058] Downloading sap_java_buildpack... (STDOUT, STG)#

#2.0#2023 10 20 18:28:09.269#Z#DEBUG#com.sap.cloud.lm.sl.xs2.47aedbd3-6f76-11ee-b93c-eeee0a84db5f.SYSTEM_ROLES.stageAppTask#
######org.cloudfoundry.multiapps.controller.persistence.services.ProcessLogger########flowable-async-job-executor-thread-63880###
[PollStageAppStatusExecution] [SYSTEM_ROLES] 61842b92-651f-4ce7-b8b7-e819d3c6ab54 [2023-10-20T18:28:00.127600] Downloaded r_buildpack (STDOUT, STG)#

#2.0#2023 10 20 18:28:09.269#Z#DEBUG#com.sap.cloud.lm.sl.xs2.47aedbd3-6f76-11ee-b93c-eeee0a84db5f.SYSTEM_ROLES.stageAppTask#
######org.cloudfoundry.multiapps.controller.persistence.services.ProcessLogger########flowable-async-job-executor-thread-63880###
[PollStageAppStatusExecution] [SYSTEM_ROLES] 61842b92-651f-4ce7-b8b7-e819d3c6ab54 [2023-10-20T18:28:00.127628] Downloading php_buildpack... (STDOUT, STG)#

#2.0#2023 10 20 18:28:09.269#Z#DEBUG#com.sap.cloud.lm.sl.xs2.47aedbd3-6f76-11ee-b93c-eeee0a84db5f.SYSTEM_ROLES.stageAppTask#
######org.cloudfoundry.multiapps.controller.persistence.services.ProcessLogger########flowable-async-job-executor-thread-63880###
[PollStageAppStatusExecution] [SYSTEM_ROLES] 61842b92-651f-4ce7-b8b7-e819d3c6ab54 [2023-10-20T18:28:00.130294] Downloaded dotnet_core_buildpack (STDOUT, STG)#

#2.0#2023 10 20 18:28:09.269#Z#DEBUG#com.sap.cloud.lm.sl.xs2.47aedbd3-6f76-11ee-b93c-eeee0a84db5f.SYSTEM_ROLES.stageAppTask#
######org.cloudfoundry.multiapps.controller.persistence.services.ProcessLogger########flowable-async-job-executor-thread-63880###
[PollStageAppStatusExecution] [SYSTEM_ROLES] 61842b92-651f-4ce7-b8b7-e819d3c6ab54 [2023-10-20T18:28:00.130305] Downloading sap_java_buildpack_1_77... (STDOUT, STG)#

#2.0#2023 10 20 18:28:09.269#Z#DEBUG#com.sap.cloud.lm.sl.xs2.47aedbd3-6f76-11ee-b93c-eeee0a84db5f.SYSTEM_ROLES.stageAppTask#
######org.cloudfoundry.multiapps.controller.persistence.services.ProcessLogger########flowable-async-job-executor-thread-63880###
[PollStageAppStatusExecution] [SYSTEM_ROLES] 61842b92-651f-4ce7-b8b7-e819d3c6ab54 [2023-10-20T18:28:00.134873] Downloaded java_buildpack (STDOUT, STG)#

#2.0#2023 10 20 18:28:09.269#Z#DEBUG#com.sap.cloud.lm.sl.xs2.47aedbd3-6f76-11ee-b93c-eeee0a84db5f.SYSTEM_ROLES.stageAppTask#
######org.cloudfoundry.multiapps.controller.persistence.services.ProcessLogger########flowable-async-job-executor-thread-63880###
[PollStageAppStatusExecution] [SYSTEM_ROLES] 61842b92-651f-4ce7-b8b7-e819d3c6ab54 [2023-10-20T18:28:00.149837] Downloaded sap_java_buildpack (STDOUT, STG)#

#2.0#2023 10 20 18:28:09.269#Z#DEBUG#com.sap.cloud.lm.sl.xs2.47aedbd3-6f76-11ee-b93c-eeee0a84db5f.SYSTEM_ROLES.stageAppTask#
######org.cloudfoundry.multiapps.controller.persistence.services.ProcessLogger########flowable-async-job-executor-thread-63880###
[PollStageAppStatusExecution] [SYSTEM_ROLES] 61842b92-651f-4ce7-b8b7-e819d3c6ab54 [2023-10-20T18:28:00.150235] Downloaded binary_buildpack (STDOUT, STG)#

#2.0#2023 10 20 18:28:09.269#Z#DEBUG#com.sap.cloud.lm.sl.xs2.47aedbd3-6f76-11ee-b93c-eeee0a84db5f.SYSTEM_ROLES.stageAppTask#
######org.cloudfoundry.multiapps.controller.persistence.services.ProcessLogger########flowable-async-job-executor-thread-63880###
[PollStageAppStatusExecution] [SYSTEM_ROLES] 61842b92-651f-4ce7-b8b7-e819d3c6ab54 [2023-10-20T18:28:00.151430] Downloaded sap_java_buildpack_1_77 (STDOUT, STG)#

#2.0#2023 10 20 18:28:09.269#Z#DEBUG#com.sap.cloud.lm.sl.xs2.47aedbd3-6f76-11ee-b93c-eeee0a84db5f.SYSTEM_ROLES.stageAppTask#
######org.cloudfoundry.multiapps.controller.persistence.services.ProcessLogger########flowable-async-job-executor-thread-63880###
[PollStageAppStatusExecution] [SYSTEM_ROLES] 61842b92-651f-4ce7-b8b7-e819d3c6ab54 [2023-10-20T18:28:00.164794] Downloaded php_buildpack (STDOUT, STG)#

#2.0#2023 10 20 18:28:09.269#Z#DEBUG#com.sap.cloud.lm.sl.xs2.47aedbd3-6f76-11ee-b93c-eeee0a84db5f.SYSTEM_ROLES.stageAppTask#
######org.cloudfoundry.multiapps.controller.persistence.services.ProcessLogger########flowable-async-job-executor-thread-63880###
[PollStageAppStatusExecution] [SYSTEM_ROLES] 61842b92-651f-4ce7-b8b7-e819d3c6ab54 [2023-10-20T18:28:00.164858] Cell fc4693d0-8cac-4f46-beb2-1281566afd11 creating container for instance b9371f1c-ecdd-4279-849f-7a8034e471fb (STDOUT, STG)#

#2.0#2023 10 20 18:28:09.269#Z#DEBUG#com.sap.cloud.lm.sl.xs2.47aedbd3-6f76-11ee-b93c-eeee0a84db5f.SYSTEM_ROLES.stageAppTask#
######org.cloudfoundry.multiapps.controller.persistence.services.ProcessLogger########flowable-async-job-executor-thread-63880###
[PollStageAppStatusExecution] [SYSTEM_ROLES] 61842b92-651f-4ce7-b8b7-e819d3c6ab54 [2023-10-20T18:28:00.522680] Security group rules were updated (STDOUT, STG)#

#2.0#2023 10 20 18:28:09.269#Z#DEBUG#com.sap.cloud.lm.sl.xs2.47aedbd3-6f76-11ee-b93c-eeee0a84db5f.SYSTEM_ROLES.stageAppTask#
######org.cloudfoundry.multiapps.controller.persistence.services.ProcessLogger########flowable-async-job-executor-thread-63880###
[PollStageAppStatusExecution] [SYSTEM_ROLES] 61842b92-651f-4ce7-b8b7-e819d3c6ab54 [2023-10-20T18:28:00.532650] Cell fc4693d0-8cac-4f46-beb2-1281566afd11 successfully created container for instance b9371f1c-ecdd-4279-849f-7a8034e471fb (STDOUT, STG)#

#2.0#2023 10 20 18:28:09.269#Z#DEBUG#com.sap.cloud.lm.sl.xs2.47aedbd3-6f76-11ee-b93c-eeee0a84db5f.SYSTEM_ROLES.stageAppTask#
######org.cloudfoundry.multiapps.controller.persistence.services.ProcessLogger########flowable-async-job-executor-thread-63880###
[PollStageAppStatusExecution] [SYSTEM_ROLES] 61842b92-651f-4ce7-b8b7-e819d3c6ab54 [2023-10-20T18:28:00.646953] Downloading app package... (STDOUT, STG)#

#2.0#2023 10 20 18:28:09.269#Z#DEBUG#com.sap.cloud.lm.sl.xs2.47aedbd3-6f76-11ee-b93c-eeee0a84db5f.SYSTEM_ROLES.stageAppTask#
######org.cloudfoundry.multiapps.controller.persistence.services.ProcessLogger########flowable-async-job-executor-thread-63880###
[PollStageAppStatusExecution] [SYSTEM_ROLES] 61842b92-651f-4ce7-b8b7-e819d3c6ab54 [2023-10-20T18:28:00.647431] Downloading build artifacts cache... (STDOUT, STG)#

#2.0#2023 10 20 18:28:09.269#Z#DEBUG#com.sap.cloud.lm.sl.xs2.47aedbd3-6f76-11ee-b93c-eeee0a84db5f.SYSTEM_ROLES.stageAppTask#
######org.cloudfoundry.multiapps.controller.persistence.services.ProcessLogger########flowable-async-job-executor-thread-63880###
[PollStageAppStatusExecution] [SYSTEM_ROLES] 61842b92-651f-4ce7-b8b7-e819d3c6ab54 [2023-10-20T18:28:00.728598] Downloaded build artifacts cache (225B) (STDOUT, STG)#

#2.0#2023 10 20 18:28:09.269#Z#DEBUG#com.sap.cloud.lm.sl.xs2.47aedbd3-6f76-11ee-b93c-eeee0a84db5f.SYSTEM_ROLES.stageAppTask#
######org.cloudfoundry.multiapps.controller.persistence.services.ProcessLogger########flowable-async-job-executor-thread-63880###
[PollStageAppStatusExecution] [SYSTEM_ROLES] 61842b92-651f-4ce7-b8b7-e819d3c6ab54 [2023-10-20T18:28:02.518871] Downloaded app package (61.6M) (STDOUT, STG)#

#2.0#2023 10 20 18:28:09.269#Z#DEBUG#com.sap.cloud.lm.sl.xs2.47aedbd3-6f76-11ee-b93c-eeee0a84db5f.SYSTEM_ROLES.stageAppTask#
######org.cloudfoundry.multiapps.controller.persistence.services.ProcessLogger########flowable-async-job-executor-thread-63880###
[PollStageAppStatusExecution] [SYSTEM_ROLES] 61842b92-651f-4ce7-b8b7-e819d3c6ab54 [2023-10-20T18:28:02.905237] -----> Nodejs Buildpack version 1.8.15 (STDOUT, STG)#

#2.0#2023 10 20 18:28:09.269#Z#DEBUG#com.sap.cloud.lm.sl.xs2.47aedbd3-6f76-11ee-b93c-eeee0a84db5f.SYSTEM_ROLES.stageAppTask#
######org.cloudfoundry.multiapps.controller.persistence.services.ProcessLogger########flowable-async-job-executor-thread-63880###
[PollStageAppStatusExecution] [SYSTEM_ROLES] 61842b92-651f-4ce7-b8b7-e819d3c6ab54 [2023-10-20T18:28:02.905250] [31;1m**WARNING**[0m buildpack version changed from 1.8.9 to 1.8.15 (STDOUT, STG)#

#2.0#2023 10 20 18:28:09.269#Z#DEBUG#com.sap.cloud.lm.sl.xs2.47aedbd3-6f76-11ee-b93c-eeee0a84db5f.SYSTEM_ROLES.stageAppTask#
######org.cloudfoundry.multiapps.controller.persistence.services.ProcessLogger########flowable-async-job-executor-thread-63880###
[PollStageAppStatusExecution] [SYSTEM_ROLES] 61842b92-651f-4ce7-b8b7-e819d3c6ab54 [2023-10-20T18:28:03.263653] -----> Bootstrapping python (STDOUT, STG)#

#2.0#2023 10 20 18:28:09.269#Z#DEBUG#com.sap.cloud.lm.sl.xs2.47aedbd3-6f76-11ee-b93c-eeee0a84db5f.SYSTEM_ROLES.stageAppTask#
######org.cloudfoundry.multiapps.controller.persistence.services.ProcessLogger########flowable-async-job-executor-thread-63880###
[PollStageAppStatusExecution] [SYSTEM_ROLES] 61842b92-651f-4ce7-b8b7-e819d3c6ab54 [2023-10-20T18:28:03.263895] -----> Installing python 3.11.5 (STDOUT, STG)#

#2.0#2023 10 20 18:28:09.269#Z#DEBUG#com.sap.cloud.lm.sl.xs2.47aedbd3-6f76-11ee-b93c-eeee0a84db5f.SYSTEM_ROLES.stageAppTask#
######org.cloudfoundry.multiapps.controller.persistence.services.ProcessLogger########flowable-async-job-executor-thread-63880###
[PollStageAppStatusExecution] [SYSTEM_ROLES] 61842b92-651f-4ce7-b8b7-e819d3c6ab54 [2023-10-20T18:28:03.264113] Copy [/tmp/buildpacks/8555c4e4187ffc921c21ab6bc62c4972/dependencies/5da3d10dcc81e3afeb283317b851f36c/python_3.11.5_linux_x64_cflinuxfs4_b4517479.tgz] (STDOUT, STG)#

#2.0#2023 10 20 18:28:09.269#Z#DEBUG#com.sap.cloud.lm.sl.xs2.47aedbd3-6f76-11ee-b93c-eeee0a84db5f.SYSTEM_ROLES.stageAppTask#
######org.cloudfoundry.multiapps.controller.persistence.services.ProcessLogger########flowable-async-job-executor-thread-63880###
[PollStageAppStatusExecution] [SYSTEM_ROLES] 61842b92-651f-4ce7-b8b7-e819d3c6ab54 [2023-10-20T18:28:05.754120] -----> Installing binaries (STDOUT, STG)#

#2.0#2023 10 20 18:28:09.269#Z#DEBUG#com.sap.cloud.lm.sl.xs2.47aedbd3-6f76-11ee-b93c-eeee0a84db5f.SYSTEM_ROLES.stageAppTask#
######org.cloudfoundry.multiapps.controller.persistence.services.ProcessLogger########flowable-async-job-executor-thread-63880###
[PollStageAppStatusExecution] [SYSTEM_ROLES] 61842b92-651f-4ce7-b8b7-e819d3c6ab54 [2023-10-20T18:28:05.754137] engines.node (package.json): unspecified (STDOUT, STG)#

#2.0#2023 10 20 18:28:09.269#Z#DEBUG#com.sap.cloud.lm.sl.xs2.47aedbd3-6f76-11ee-b93c-eeee0a84db5f.SYSTEM_ROLES.stageAppTask#
######org.cloudfoundry.multiapps.controller.persistence.services.ProcessLogger########flowable-async-job-executor-thread-63880###
[PollStageAppStatusExecution] [SYSTEM_ROLES] 61842b92-651f-4ce7-b8b7-e819d3c6ab54 [2023-10-20T18:28:05.754141] engines.npm (package.json): unspecified (use default) (STDOUT, STG)#

#2.0#2023 10 20 18:28:09.269#Z#DEBUG#com.sap.cloud.lm.sl.xs2.47aedbd3-6f76-11ee-b93c-eeee0a84db5f.SYSTEM_ROLES.stageAppTask#
######org.cloudfoundry.multiapps.controller.persistence.services.ProcessLogger########flowable-async-job-executor-thread-63880###
[PollStageAppStatusExecution] [SYSTEM_ROLES] 61842b92-651f-4ce7-b8b7-e819d3c6ab54 [2023-10-20T18:28:05.754145] [31;1m**WARNING**[0m Node version not specified in package.json or .nvmrc. See: http://docs.cloudfoundry.org/buildpacks/node/node-tips.html (STDOUT, STG)#

#2.0#2023 10 20 18:28:09.269#Z#DEBUG#com.sap.cloud.lm.sl.xs2.47aedbd3-6f76-11ee-b93c-eeee0a84db5f.SYSTEM_ROLES.stageAppTask#
######org.cloudfoundry.multiapps.controller.persistence.services.ProcessLogger########flowable-async-job-executor-thread-63880###
[PollStageAppStatusExecution] [SYSTEM_ROLES] 61842b92-651f-4ce7-b8b7-e819d3c6ab54 [2023-10-20T18:28:05.754160] -----> Installing node 18.17.1 (STDOUT, STG)#

#2.0#2023 10 20 18:28:09.269#Z#DEBUG#com.sap.cloud.lm.sl.xs2.47aedbd3-6f76-11ee-b93c-eeee0a84db5f.SYSTEM_ROLES.stageAppTask#
######org.cloudfoundry.multiapps.controller.persistence.services.ProcessLogger########flowable-async-job-executor-thread-63880###
[PollStageAppStatusExecution] [SYSTEM_ROLES] 61842b92-651f-4ce7-b8b7-e819d3c6ab54 [2023-10-20T18:28:05.754243] Copy [/tmp/buildpacks/8555c4e4187ffc921c21ab6bc62c4972/dependencies/c2df8985dc8a3622f36892072d37dc62/node_18.17.1_linux_x64_cflinuxfs4_ed0bbc52.tgz] (STDOUT, STG)#

#2.0#2023 10 20 18:28:09.269#Z#DEBUG#com.sap.cloud.lm.sl.xs2.47aedbd3-6f76-11ee-b93c-eeee0a84db5f.SYSTEM_ROLES.stageAppTask#
######org.cloudfoundry.multiapps.controller.persistence.services.ProcessLogger########flowable-async-job-executor-thread-63880###
[PollStageAppStatusExecution] [SYSTEM_ROLES] 61842b92-651f-4ce7-b8b7-e819d3c6ab54 [2023-10-20T18:28:07.128619] Using default npm version: 9.6.7 (STDOUT, STG)#

#2.0#2023 10 20 18:28:09.269#Z#DEBUG#com.sap.cloud.lm.sl.xs2.47aedbd3-6f76-11ee-b93c-eeee0a84db5f.SYSTEM_ROLES.stageAppTask#
######org.cloudfoundry.multiapps.controller.persistence.services.ProcessLogger########flowable-async-job-executor-thread-63880###
[PollStageAppStatusExecution] [SYSTEM_ROLES] 61842b92-651f-4ce7-b8b7-e819d3c6ab54 [2023-10-20T18:28:07.128635] -----> Installing yarn 1.22.19 (STDOUT, STG)#

#2.0#2023 10 20 18:28:09.269#Z#DEBUG#com.sap.cloud.lm.sl.xs2.47aedbd3-6f76-11ee-b93c-eeee0a84db5f.SYSTEM_ROLES.stageAppTask#
######org.cloudfoundry.multiapps.controller.persistence.services.ProcessLogger########flowable-async-job-executor-thread-63880###
[PollStageAppStatusExecution] [SYSTEM_ROLES] 61842b92-651f-4ce7-b8b7-e819d3c6ab54 [2023-10-20T18:28:07.128728] Copy [/tmp/buildpacks/8555c4e4187ffc921c21ab6bc62c4972/dependencies/0f06052381cbcef1593bd279ca3d9458/yarn_1.22.19_linux_noarch_any-stack_32d0e82e.tgz] (STDOUT, STG)#

#2.0#2023 10 20 18:28:09.269#Z#DEBUG#com.sap.cloud.lm.sl.xs2.47aedbd3-6f76-11ee-b93c-eeee0a84db5f.SYSTEM_ROLES.stageAppTask#
######org.cloudfoundry.multiapps.controller.persistence.services.ProcessLogger########flowable-async-job-executor-thread-63880###
[PollStageAppStatusExecution] [SYSTEM_ROLES] 61842b92-651f-4ce7-b8b7-e819d3c6ab54 [2023-10-20T18:28:07.347994] Installed yarn 1.22.19 (STDOUT, STG)#

#2.0#2023 10 20 18:28:09.269#Z#DEBUG#com.sap.cloud.lm.sl.xs2.47aedbd3-6f76-11ee-b93c-eeee0a84db5f.SYSTEM_ROLES.stageAppTask#
######org.cloudfoundry.multiapps.controller.persistence.services.ProcessLogger########flowable-async-job-executor-thread-63880###
[PollStageAppStatusExecution] [SYSTEM_ROLES] 61842b92-651f-4ce7-b8b7-e819d3c6ab54 [2023-10-20T18:28:07.348012] -----> Creating runtime environment (STDOUT, STG)#

#2.0#2023 10 20 18:28:09.269#Z#DEBUG#com.sap.cloud.lm.sl.xs2.47aedbd3-6f76-11ee-b93c-eeee0a84db5f.SYSTEM_ROLES.stageAppTask#
######org.cloudfoundry.multiapps.controller.persistence.services.ProcessLogger########flowable-async-job-executor-thread-63880###
[PollStageAppStatusExecution] [SYSTEM_ROLES] 61842b92-651f-4ce7-b8b7-e819d3c6ab54 [2023-10-20T18:28:07.349146] NODE_ENV=production (STDOUT, STG)#

#2.0#2023 10 20 18:28:09.269#Z#DEBUG#com.sap.cloud.lm.sl.xs2.47aedbd3-6f76-11ee-b93c-eeee0a84db5f.SYSTEM_ROLES.stageAppTask#
######org.cloudfoundry.multiapps.controller.persistence.services.ProcessLogger########flowable-async-job-executor-thread-63880###
[PollStageAppStatusExecution] [SYSTEM_ROLES] 61842b92-651f-4ce7-b8b7-e819d3c6ab54 [2023-10-20T18:28:07.349154] NODE_HOME=/tmp/contents2075430225/deps/0/node (STDOUT, STG)#

#2.0#2023 10 20 18:28:09.269#Z#DEBUG#com.sap.cloud.lm.sl.xs2.47aedbd3-6f76-11ee-b93c-eeee0a84db5f.SYSTEM_ROLES.stageAppTask#
######org.cloudfoundry.multiapps.controller.persistence.services.ProcessLogger########flowable-async-job-executor-thread-63880###
[PollStageAppStatusExecution] [SYSTEM_ROLES] 61842b92-651f-4ce7-b8b7-e819d3c6ab54 [2023-10-20T18:28:07.349155] NODE_MODULES_CACHE=true (STDOUT, STG)#

#2.0#2023 10 20 18:28:09.269#Z#DEBUG#com.sap.cloud.lm.sl.xs2.47aedbd3-6f76-11ee-b93c-eeee0a84db5f.SYSTEM_ROLES.stageAppTask#
######org.cloudfoundry.multiapps.controller.persistence.services.ProcessLogger########flowable-async-job-executor-thread-63880###
[PollStageAppStatusExecution] [SYSTEM_ROLES] 61842b92-651f-4ce7-b8b7-e819d3c6ab54 [2023-10-20T18:28:07.349157] NODE_VERBOSE=false (STDOUT, STG)#

#2.0#2023 10 20 18:28:09.269#Z#DEBUG#com.sap.cloud.lm.sl.xs2.47aedbd3-6f76-11ee-b93c-eeee0a84db5f.SYSTEM_ROLES.stageAppTask#
######org.cloudfoundry.multiapps.controller.persistence.services.ProcessLogger########flowable-async-job-executor-thread-63880###
[PollStageAppStatusExecution] [SYSTEM_ROLES] 61842b92-651f-4ce7-b8b7-e819d3c6ab54 [2023-10-20T18:28:07.349160] NPM_CONFIG_LOGLEVEL=error (STDOUT, STG)#

#2.0#2023 10 20 18:28:09.269#Z#DEBUG#com.sap.cloud.lm.sl.xs2.47aedbd3-6f76-11ee-b93c-eeee0a84db5f.SYSTEM_ROLES.stageAppTask#
######org.cloudfoundry.multiapps.controller.persistence.services.ProcessLogger########flowable-async-job-executor-thread-63880###
[PollStageAppStatusExecution] [SYSTEM_ROLES] 61842b92-651f-4ce7-b8b7-e819d3c6ab54 [2023-10-20T18:28:07.349162] NPM_CONFIG_PRODUCTION=true (STDOUT, STG)#

#2.0#2023 10 20 18:28:09.269#Z#DEBUG#com.sap.cloud.lm.sl.xs2.47aedbd3-6f76-11ee-b93c-eeee0a84db5f.SYSTEM_ROLES.stageAppTask#
######org.cloudfoundry.multiapps.controller.persistence.services.ProcessLogger########flowable-async-job-executor-thread-63880###
[PollStageAppStatusExecution] [SYSTEM_ROLES] 61842b92-651f-4ce7-b8b7-e819d3c6ab54 [2023-10-20T18:28:07.349163] -----> Building dependencies (STDOUT, STG)#

#2.0#2023 10 20 18:28:09.269#Z#DEBUG#com.sap.cloud.lm.sl.xs2.47aedbd3-6f76-11ee-b93c-eeee0a84db5f.SYSTEM_ROLES.stageAppTask#
######org.cloudfoundry.multiapps.controller.persistence.services.ProcessLogger########flowable-async-job-executor-thread-63880###
[PollStageAppStatusExecution] [SYSTEM_ROLES] 61842b92-651f-4ce7-b8b7-e819d3c6ab54 [2023-10-20T18:28:07.349165] Prebuild detected (node_modules already exists) (STDOUT, STG)#

#2.0#2023 10 20 18:28:09.269#Z#DEBUG#com.sap.cloud.lm.sl.xs2.47aedbd3-6f76-11ee-b93c-eeee0a84db5f.SYSTEM_ROLES.stageAppTask#
######org.cloudfoundry.multiapps.controller.persistence.services.ProcessLogger########flowable-async-job-executor-thread-63880###
[PollStageAppStatusExecution] [SYSTEM_ROLES] 61842b92-651f-4ce7-b8b7-e819d3c6ab54 [2023-10-20T18:28:07.349234] Rebuilding any native modules (STDOUT, STG)#

#2.0#2023 10 20 18:28:09.269#Z#DEBUG#com.sap.cloud.lm.sl.xs2.47aedbd3-6f76-11ee-b93c-eeee0a84db5f.SYSTEM_ROLES.stageAppTask#
######org.cloudfoundry.multiapps.controller.persistence.services.ProcessLogger########flowable-async-job-executor-thread-63880###
[PollStageAppStatusExecution] [SYSTEM_ROLES] 61842b92-651f-4ce7-b8b7-e819d3c6ab54 [2023-10-20T18:28:07.814801] rebuilt dependencies successfully (STDOUT, STG)#

#2.0#2023 10 20 18:28:09.269#Z#DEBUG#com.sap.cloud.lm.sl.xs2.47aedbd3-6f76-11ee-b93c-eeee0a84db5f.SYSTEM_ROLES.stageAppTask#
######org.cloudfoundry.multiapps.controller.persistence.services.ProcessLogger########flowable-async-job-executor-thread-63880###
[PollStageAppStatusExecution] [SYSTEM_ROLES] 61842b92-651f-4ce7-b8b7-e819d3c6ab54 [2023-10-20T18:28:07.815238] npm notice (STDOUT, STG)#

#2.0#2023 10 20 18:28:09.269#Z#DEBUG#com.sap.cloud.lm.sl.xs2.47aedbd3-6f76-11ee-b93c-eeee0a84db5f.SYSTEM_ROLES.stageAppTask#
######org.cloudfoundry.multiapps.controller.persistence.services.ProcessLogger########flowable-async-job-executor-thread-63880###
[PollStageAppStatusExecution] [SYSTEM_ROLES] 61842b92-651f-4ce7-b8b7-e819d3c6ab54 [2023-10-20T18:28:07.815317] npm notice New major version of npm available! 9.6.7 -> 10.2.1 (STDOUT, STG)#

#2.0#2023 10 20 18:28:09.269#Z#DEBUG#com.sap.cloud.lm.sl.xs2.47aedbd3-6f76-11ee-b93c-eeee0a84db5f.SYSTEM_ROLES.stageAppTask#
######org.cloudfoundry.multiapps.controller.persistence.services.ProcessLogger########flowable-async-job-executor-thread-63880###
[PollStageAppStatusExecution] [SYSTEM_ROLES] 61842b92-651f-4ce7-b8b7-e819d3c6ab54 [2023-10-20T18:28:07.815325] npm notice Changelog: <https://github.com/npm/cli/releases/tag/v10.2.1> (STDOUT, STG)#

#2.0#2023 10 20 18:28:09.269#Z#DEBUG#com.sap.cloud.lm.sl.xs2.47aedbd3-6f76-11ee-b93c-eeee0a84db5f.SYSTEM_ROLES.stageAppTask#
######org.cloudfoundry.multiapps.controller.persistence.services.ProcessLogger########flowable-async-job-executor-thread-63880###
[PollStageAppStatusExecution] [SYSTEM_ROLES] 61842b92-651f-4ce7-b8b7-e819d3c6ab54 [2023-10-20T18:28:07.815450] npm notice Run `npm install -g npm@10.2.1` to update! (STDOUT, STG)#

#2.0#2023 10 20 18:28:09.269#Z#DEBUG#com.sap.cloud.lm.sl.xs2.47aedbd3-6f76-11ee-b93c-eeee0a84db5f.SYSTEM_ROLES.stageAppTask#
######org.cloudfoundry.multiapps.controller.persistence.services.ProcessLogger########flowable-async-job-executor-thread-63880###
[PollStageAppStatusExecution] [SYSTEM_ROLES] 61842b92-651f-4ce7-b8b7-e819d3c6ab54 [2023-10-20T18:28:07.815522] npm notice (STDOUT, STG)#

#2.0#2023 10 20 18:28:09.269#Z#DEBUG#com.sap.cloud.lm.sl.xs2.47aedbd3-6f76-11ee-b93c-eeee0a84db5f.SYSTEM_ROLES.stageAppTask#
######org.cloudfoundry.multiapps.controller.persistence.services.ProcessLogger########flowable-async-job-executor-thread-63880###
[PollStageAppStatusExecution] [SYSTEM_ROLES] 61842b92-651f-4ce7-b8b7-e819d3c6ab54 [2023-10-20T18:28:07.821396] Installing any new modules (package.json + package-lock.json) (STDOUT, STG)#

#2.0#2023 10 20 18:28:09.269#Z#DEBUG#com.sap.cloud.lm.sl.xs2.47aedbd3-6f76-11ee-b93c-eeee0a84db5f.SYSTEM_ROLES.stageAppTask#
######org.cloudfoundry.multiapps.controller.persistence.services.ProcessLogger########flowable-async-job-executor-thread-63880###
[PollStageAppStatusExecution] [SYSTEM_ROLES] 61842b92-651f-4ce7-b8b7-e819d3c6ab54 [2023-10-20T18:28:08.205378] up to date in 217ms (STDOUT, STG)#

#2.0#2023 10 20 18:28:09.269#Z#DEBUG#com.sap.cloud.lm.sl.xs2.47aedbd3-6f76-11ee-b93c-eeee0a84db5f.SYSTEM_ROLES.stageAppTask#
######org.cloudfoundry.multiapps.controller.persistence.services.ProcessLogger########flowable-async-job-executor-thread-63880###
[PollStageAppStatusExecution] [SYSTEM_ROLES] 61842b92-651f-4ce7-b8b7-e819d3c6ab54 [2023-10-20T18:28:08.879690] Contrast Security no credentials found. Will not write environment files. (STDOUT, STG)#

#2.0#2023 10 20 18:28:09.269#Z#DEBUG#com.sap.cloud.lm.sl.xs2.47aedbd3-6f76-11ee-b93c-eeee0a84db5f.SYSTEM_ROLES.stageAppTask#
######org.cloudfoundry.multiapps.controller.persistence.services.ProcessLogger########flowable-async-job-executor-thread-63880###
[PollStageAppStatusExecution] [SYSTEM_ROLES] 61842b92-651f-4ce7-b8b7-e819d3c6ab54 [2023-10-20T18:28:08.879704] inside Sealights hook (STDOUT, STG)#

#2.0#2023 10 20 18:28:09.270#Z#DEBUG#com.sap.cloud.lm.sl.xs2.47aedbd3-6f76-11ee-b93c-eeee0a84db5f.SYSTEM_ROLES.stageAppTask#
######org.cloudfoundry.multiapps.controller.persistence.services.ProcessLogger########flowable-async-job-executor-thread-63880###
[PollStageAppStatusExecution] [SYSTEM_ROLES] 61842b92-651f-4ce7-b8b7-e819d3c6ab54 [2023-10-20T18:28:08.879707] service is not configured to run with Sealights (STDOUT, STG)#

